app/build/outputs/logs/manifest-merger-debug-report.txt
-- Merging decision tree log ---
manifest
ADDED from src\main\AndroidManifest.xml:2:1-98:12
INJECTED from src\main\AndroidManifest.xml:2:1-98:12
INJECTED from src\main\AndroidManifest.xml:2:1-98:12
INJECTED from src\main\AndroidManifest.xml:2:1-98:12
MERGED from [com.github.Hitomis:CircleMenu:v1.0.0] AndroidManifest.xml:2:1-17:12
MERGED from [com.android.support:appcompat-v7:28.0.0] AndroidManifest.xml:17:1-22:12
MERGED from [com.android.support.constraint:constraint-layout:1.1.3] AndroidManifest.xml:2:1-11:12
MERGED from [com.nightonke:boommenu:2.1.1] AndroidManifest.xml:2:1-16:12
MERGED from [com.journeyapps:zxing-android-embedded:3.2.0] AndroidManifest.xml:17:1-55:12
MERGED from [pl.droidsonroids.gif:android-gif-drawable:1.2.19] AndroidManifest.xml:2:1-9:12
MERGED from [com.github.f0ris.sweetalert:library:1.5.6] AndroidManifest.xml:2:1-13:12
MERGED from [com.android.support:support-fragment:28.0.0] AndroidManifest.xml:17:1-22:12
MERGED from [com.android.support:animated-vector-drawable:28.0.0] AndroidManifest.xml:17:1-22:12
MERGED from [com.android.support:support-core-ui:28.0.0] AndroidManifest.xml:17:1-22:12
MERGED from [com.android.support:support-core-utils:28.0.0] AndroidManifest.xml:17:1-22:12
MERGED from [com.android.support:support-vector-drawable:28.0.0] AndroidManifest.xml:17:1-22:12
MERGED from [com.android.support:loader:28.0.0] AndroidManifest.xml:17:1-22:12
MERGED from [com.android.support:viewpager:28.0.0] AndroidManifest.xml:17:1-22:12
MERGED from [com.android.support:coordinatorlayout:28.0.0] AndroidManifest.xml:17:1-22:12
MERGED from [com.android.support:drawerlayout:28.0.0] AndroidManifest.xml:17:1-22:12
MERGED from [com.android.support:slidingpanelayout:28.0.0] AndroidManifest.xml:17:1-22:12
MERGED from [com.android.support:customview:28.0.0] AndroidManifest.xml:17:1-22:12
MERGED from [com.android.support:swiperefreshlayout:28.0.0] AndroidManifest.xml:17:1-22:12
MERGED from [com.android.support:asynclayoutinflater:28.0.0] AndroidManifest.xml:17:1-22:12
MERGED from [com.android.support:support-compat:28.0.0] AndroidManifest.xml:17:1-24:12
MERGED from [com.android.support:versionedparcelable:28.0.0] AndroidManifest.xml:17:1-25:12
MERGED from [com.android.support:cursoradapter:28.0.0] AndroidManifest.xml:17:1-22:12
MERGED from [android.arch.lifecycle:runtime:1.1.1] AndroidManifest.xml:17:1-22:12
MERGED from [com.android.support:documentfile:28.0.0] AndroidManifest.xml:17:1-22:12
MERGED from [com.android.support:localbroadcastmanager:28.0.0] AndroidManifest.xml:17:1-22:12
MERGED from [com.android.support:print:28.0.0] AndroidManifest.xml:17:1-22:12
MERGED from [android.arch.lifecycle:viewmodel:1.1.1] AndroidManifest.xml:17:1-22:12
MERGED from [android.arch.lifecycle:livedata:1.1.1] AndroidManifest.xml:17:1-22:12
MERGED from [android.arch.lifecycle:livedata-core:1.1.1] AndroidManifest.xml:17:1-22:12
MERGED from [android.arch.core:runtime:1.1.1] AndroidManifest.xml:17:1-22:12
MERGED from [com.android.support:interpolator:28.0.0] AndroidManifest.xml:17:1-22:12
MERGED from [pl.droidsonroids:relinker:1.3.1] AndroidManifest.xml:2:1-7:12
MERGED from [com.pnikosis:materialish-progress:1.7] AndroidManifest.xml:2:1-13:12
INJECTED from src\main\AndroidManifest.xml:2:1-98:12
INJECTED from src\main\AndroidManifest.xml:2:1-98:12
INJECTED from src\main\AndroidManifest.xml:2:1-98:12
	package
		ADDED from src\main\AndroidManifest.xml:4:5-46
		INJECTED from src\main\AndroidManifest.xml
		INJECTED from src\main\AndroidManifest.xml
	android:versionName
		INJECTED from src\main\AndroidManifest.xml
		ADDED from src\main\AndroidManifest.xml:2:1-98:12
		INJECTED from src\main\AndroidManifest.xml
	xmlns:tools
		ADDED from src\main\AndroidManifest.xml:3:5-51
	android:versionCode
		INJECTED from src\main\AndroidManifest.xml
		ADDED from src\main\AndroidManifest.xml:2:1-98:12
		INJECTED from src\main\AndroidManifest.xml
	xmlns:android
		ADDED from src\main\AndroidManifest.xml:2:11-69
uses-permission#android.permission.ACCESS_WIFI_STATE
ADDED from src\main\AndroidManifest.xml:5:5-75
	android:name
		ADDED from src\main\AndroidManifest.xml:5:22-73
uses-permission#android.permission.ACCESS_NETWORK_STATE
ADDED from src\main\AndroidManifest.xml:6:5-79
	android:name
		ADDED from src\main\AndroidManifest.xml:6:22-76
uses-permission#android.permission.BLUETOOTH
ADDED from src\main\AndroidManifest.xml:7:5-68
	android:name
		ADDED from src\main\AndroidManifest.xml:7:22-65
uses-permission#android.permission.BLUETOOTH_ADMIN
ADDED from src\main\AndroidManifest.xml:8:5-74
	android:name
		ADDED from src\main\AndroidManifest.xml:8:22-71
uses-permission#android.permission.INTERNET
ADDED from src\main\AndroidManifest.xml:9:5-67
	android:name
		ADDED from src\main\AndroidManifest.xml:9:22-64
uses-permission#android.permission.WRITE_EXTERNAL_STORAGE
ADDED from src\main\AndroidManifest.xml:10:5-81
	android:name
		ADDED from src\main\AndroidManifest.xml:10:22-78
uses-permission#android.permission.READ_EXTERNAL_STORAGE
ADDED from src\main\AndroidManifest.xml:11:5-80
	android:name
		ADDED from src\main\AndroidManifest.xml:11:22-77
uses-permission#android.permission.CAMERA
ADDED from src\main\AndroidManifest.xml:13:5-65
MERGED from [com.journeyapps:zxing-android-embedded:3.2.0] AndroidManifest.xml:21:5-65
MERGED from [com.journeyapps:zxing-android-embedded:3.2.0] AndroidManifest.xml:21:5-65
	android:name
		ADDED from src\main\AndroidManifest.xml:13:22-62
uses-feature#android.hardware.camera
ADDED from src\main\AndroidManifest.xml:14:5-60
MERGED from [com.journeyapps:zxing-android-embedded:3.2.0] AndroidManifest.xml:24:5-26:36
MERGED from [com.journeyapps:zxing-android-embedded:3.2.0] AndroidManifest.xml:24:5-26:36
	android:name
		ADDED from src\main\AndroidManifest.xml:14:19-57
uses-feature#android.hardware.camera.autofocus
ADDED from src\main\AndroidManifest.xml:15:5-69
MERGED from [com.journeyapps:zxing-android-embedded:3.2.0] AndroidManifest.xml:32:5-34:36
MERGED from [com.journeyapps:zxing-android-embedded:3.2.0] AndroidManifest.xml:32:5-34:36
	android:name
		ADDED from src\main\AndroidManifest.xml:15:19-67
application
ADDED from src\main\AndroidManifest.xml:17:5-94:19
MERGED from [com.github.Hitomis:CircleMenu:v1.0.0] AndroidManifest.xml:11:5-15:19
MERGED from [com.github.Hitomis:CircleMenu:v1.0.0] AndroidManifest.xml:11:5-15:19
MERGED from [com.android.support.constraint:constraint-layout:1.1.3] AndroidManifest.xml:9:5-20
MERGED from [com.android.support.constraint:constraint-layout:1.1.3] AndroidManifest.xml:9:5-20
MERGED from [com.nightonke:boommenu:2.1.1] AndroidManifest.xml:11:5-14:19
MERGED from [com.nightonke:boommenu:2.1.1] AndroidManifest.xml:11:5-14:19
MERGED from [com.journeyapps:zxing-android-embedded:3.2.0] AndroidManifest.xml:45:5-53:19
MERGED from [com.journeyapps:zxing-android-embedded:3.2.0] AndroidManifest.xml:45:5-53:19
MERGED from [com.github.f0ris.sweetalert:library:1.5.6] AndroidManifest.xml:11:5-20
MERGED from [com.github.f0ris.sweetalert:library:1.5.6] AndroidManifest.xml:11:5-20
MERGED from [com.android.support:support-compat:28.0.0] AndroidManifest.xml:22:5-94
MERGED from [com.android.support:support-compat:28.0.0] AndroidManifest.xml:22:5-94
MERGED from [com.android.support:versionedparcelable:28.0.0] AndroidManifest.xml:22:5-23:19
MERGED from [com.android.support:versionedparcelable:28.0.0] AndroidManifest.xml:22:5-23:19
MERGED from [com.pnikosis:materialish-progress:1.7] AndroidManifest.xml:11:5-20
MERGED from [com.pnikosis:materialish-progress:1.7] AndroidManifest.xml:11:5-20
	android:appComponentFactory
		ADDED from [com.android.support:support-compat:28.0.0] AndroidManifest.xml:22:18-91
	android:supportsRtl
		ADDED from src\main\AndroidManifest.xml:22:9-35
	android:label
		ADDED from src\main\AndroidManifest.xml:20:9-41
	tools:ignore
		ADDED from src\main\AndroidManifest.xml:25:9-48
	android:roundIcon
		ADDED from src\main\AndroidManifest.xml:21:9-54
	android:icon
		ADDED from src\main\AndroidManifest.xml:19:9-38
	android:allowBackup
		ADDED from src\main\AndroidManifest.xml:18:9-35
	android:theme
		ADDED from src\main\AndroidManifest.xml:23:9-40
	android:usesCleartextTraffic
		ADDED from src\main\AndroidManifest.xml:24:9-44
uses-library#org.apache.http.legacy
ADDED from src\main\AndroidManifest.xml:26:9-28:40
	android:required
		ADDED from src\main\AndroidManifest.xml:28:13-37
	android:name
		ADDED from src\main\AndroidManifest.xml:27:13-50
activity#com.example.user54.InventoryApp.LogIn
ADDED from src\main\AndroidManifest.xml:30:9-38:20
	android:screenOrientation
		ADDED from src\main\AndroidManifest.xml:31:13-49
	android:theme
		ADDED from src\main\AndroidManifest.xml:32:13-63
	android:name
		ADDED from src\main\AndroidManifest.xml:30:19-71
intent-filter#action:name:android.intent.action.MAIN+category:name:android.intent.category.LAUNCHER
ADDED from src\main\AndroidManifest.xml:33:13-37:29
action#android.intent.action.MAIN
ADDED from src\main\AndroidManifest.xml:34:17-69
	android:name
		ADDED from src\main\AndroidManifest.xml:34:25-66
category#android.intent.category.LAUNCHER
ADDED from src\main\AndroidManifest.xml:36:17-77
	android:name
		ADDED from src\main\AndroidManifest.xml:36:27-74
activity#com.example.user54.InventoryApp.MainActivity2
ADDED from src\main\AndroidManifest.xml:40:9-46:20
	android:screenOrientation
		ADDED from src\main\AndroidManifest.xml:41:13-49
	android:theme
		ADDED from src\main\AndroidManifest.xml:42:13-63
	android:name
		ADDED from src\main\AndroidManifest.xml:40:19-79
intent-filter#category:name:android.intent.category.LAUNCHER
ADDED from src\main\AndroidManifest.xml:43:13-45:29
activity#com.example.user54.InventoryApp.CollectingData
ADDED from src\main\AndroidManifest.xml:48:9-54:20
	android:screenOrientation
		ADDED from src\main\AndroidManifest.xml:49:13-49
	android:theme
		ADDED from src\main\AndroidManifest.xml:50:13-63
	android:name
		ADDED from src\main\AndroidManifest.xml:48:19-80
activity#com.example.user54.InventoryApp.Report
ADDED from src\main\AndroidManifest.xml:56:9-62:20
	android:screenOrientation
		ADDED from src\main\AndroidManifest.xml:57:13-49
	android:theme
		ADDED from src\main\AndroidManifest.xml:58:13-63
	android:name
		ADDED from src\main\AndroidManifest.xml:56:19-72
activity#com.example.user54.InventoryApp.BluetoothConnectMenu
ADDED from src\main\AndroidManifest.xml:64:9-69:59
	android:screenOrientation
		ADDED from src\main\AndroidManifest.xml:68:13-49
	android:label
		ADDED from src\main\AndroidManifest.xml:67:13-56
	android:excludeFromRecents
		ADDED from src\main\AndroidManifest.xml:66:13-46
	android:theme
		ADDED from src\main\AndroidManifest.xml:69:13-56
	android:name
		ADDED from src\main\AndroidManifest.xml:65:13-80
activity#com.example.user54.InventoryApp.Tools
ADDED from src\main\AndroidManifest.xml:71:9-77:20
	android:screenOrientation
		ADDED from src\main\AndroidManifest.xml:72:13-49
	android:theme
		ADDED from src\main\AndroidManifest.xml:73:13-63
	android:name
		ADDED from src\main\AndroidManifest.xml:71:19-71
activity#com.example.user54.InventoryApp.Item
ADDED from src\main\AndroidManifest.xml:81:9-87:20
	android:screenOrientation
		ADDED from src\main\AndroidManifest.xml:82:13-49
	android:theme
		ADDED from src\main\AndroidManifest.xml:83:13-63
	android:name
		ADDED from src\main\AndroidManifest.xml:81:19-70
meta-data#preloaded_fonts
ADDED from src\main\AndroidManifest.xml:89:9-91:57
	android:resource
		ADDED from src\main\AndroidManifest.xml:91:13-54
	android:name
		ADDED from src\main\AndroidManifest.xml:90:13-43
uses-sdk
INJECTED from src\main\AndroidManifest.xml reason: use-sdk injection requested
INJECTED from src\main\AndroidManifest.xml
INJECTED from src\main\AndroidManifest.xml
MERGED from [com.github.Hitomis:CircleMenu:v1.0.0] AndroidManifest.xml:7:5-9:41
MERGED from [com.github.Hitomis:CircleMenu:v1.0.0] AndroidManifest.xml:7:5-9:41
MERGED from [com.android.support:appcompat-v7:28.0.0] AndroidManifest.xml:20:5-44
MERGED from [com.android.support:appcompat-v7:28.0.0] AndroidManifest.xml:20:5-44
MERGED from [com.android.support.constraint:constraint-layout:1.1.3] AndroidManifest.xml:5:5-7:41
MERGED from [com.android.support.constraint:constraint-layout:1.1.3] AndroidManifest.xml:5:5-7:41
MERGED from [com.nightonke:boommenu:2.1.1] AndroidManifest.xml:7:5-9:41
MERGED from [com.nightonke:boommenu:2.1.1] AndroidManifest.xml:7:5-9:41
MERGED from [com.journeyapps:zxing-android-embedded:3.2.0] AndroidManifest.xml:19:5-43
MERGED from [com.journeyapps:zxing-android-embedded:3.2.0] AndroidManifest.xml:19:5-43
MERGED from [pl.droidsonroids.gif:android-gif-drawable:1.2.19] AndroidManifest.xml:5:5-7:41
MERGED from [pl.droidsonroids.gif:android-gif-drawable:1.2.19] AndroidManifest.xml:5:5-7:41
MERGED from [com.github.f0ris.sweetalert:library:1.5.6] AndroidManifest.xml:7:5-9:41
MERGED from [com.github.f0ris.sweetalert:library:1.5.6] AndroidManifest.xml:7:5-9:41
MERGED from [com.android.support:support-fragment:28.0.0] AndroidManifest.xml:20:5-44
MERGED from [com.android.support:support-fragment:28.0.0] AndroidManifest.xml:20:5-44
MERGED from [com.android.support:animated-vector-drawable:28.0.0] AndroidManifest.xml:20:5-44
MERGED from [com.android.support:animated-vector-drawable:28.0.0] AndroidManifest.xml:20:5-44
MERGED from [com.android.support:support-core-ui:28.0.0] AndroidManifest.xml:20:5-44
MERGED from [com.android.support:support-core-ui:28.0.0] AndroidManifest.xml:20:5-44
MERGED from [com.android.support:support-core-utils:28.0.0] AndroidManifest.xml:20:5-44
MERGED from [com.android.support:support-core-utils:28.0.0] AndroidManifest.xml:20:5-44
MERGED from [com.android.support:support-vector-drawable:28.0.0] AndroidManifest.xml:20:5-44
MERGED from [com.android.support:support-vector-drawable:28.0.0] AndroidManifest.xml:20:5-44
MERGED from [com.android.support:loader:28.0.0] AndroidManifest.xml:20:5-44
MERGED from [com.android.support:loader:28.0.0] AndroidManifest.xml:20:5-44
MERGED from [com.android.support:viewpager:28.0.0] AndroidManifest.xml:20:5-44
MERGED from [com.android.support:viewpager:28.0.0] AndroidManifest.xml:20:5-44
MERGED from [com.android.support:coordinatorlayout:28.0.0] AndroidManifest.xml:20:5-44
MERGED from [com.android.support:coordinatorlayout:28.0.0] AndroidManifest.xml:20:5-44
MERGED from [com.android.support:drawerlayout:28.0.0] AndroidManifest.xml:20:5-44
MERGED from [com.android.support:drawerlayout:28.0.0] AndroidManifest.xml:20:5-44
MERGED from [com.android.support:slidingpanelayout:28.0.0] AndroidManifest.xml:20:5-44
MERGED from [com.android.support:slidingpanelayout:28.0.0] AndroidManifest.xml:20:5-44
MERGED from [com.android.support:customview:28.0.0] AndroidManifest.xml:20:5-44
MERGED from [com.android.support:customview:28.0.0] AndroidManifest.xml:20:5-44
MERGED from [com.android.support:swiperefreshlayout:28.0.0] AndroidManifest.xml:20:5-44
MERGED from [com.android.support:swiperefreshlayout:28.0.0] AndroidManifest.xml:20:5-44
MERGED from [com.android.support:asynclayoutinflater:28.0.0] AndroidManifest.xml:20:5-44
MERGED from [com.android.support:asynclayoutinflater:28.0.0] AndroidManifest.xml:20:5-44
MERGED from [com.android.support:support-compat:28.0.0] AndroidManifest.xml:20:5-44
MERGED from [com.android.support:support-compat:28.0.0] AndroidManifest.xml:20:5-44
MERGED from [com.android.support:versionedparcelable:28.0.0] AndroidManifest.xml:20:5-44
MERGED from [com.android.support:versionedparcelable:28.0.0] AndroidManifest.xml:20:5-44
MERGED from [com.android.support:cursoradapter:28.0.0] AndroidManifest.xml:20:5-44
MERGED from [com.android.support:cursoradapter:28.0.0] AndroidManifest.xml:20:5-44
MERGED from [android.arch.lifecycle:runtime:1.1.1] AndroidManifest.xml:20:5-44
MERGED from [android.arch.lifecycle:runtime:1.1.1] AndroidManifest.xml:20:5-44
MERGED from [com.android.support:documentfile:28.0.0] AndroidManifest.xml:20:5-44
MERGED from [com.android.support:documentfile:28.0.0] AndroidManifest.xml:20:5-44
MERGED from [com.android.support:localbroadcastmanager:28.0.0] AndroidManifest.xml:20:5-44
MERGED from [com.android.support:localbroadcastmanager:28.0.0] AndroidManifest.xml:20:5-44
MERGED from [com.android.support:print:28.0.0] AndroidManifest.xml:20:5-44
MERGED from [com.android.support:print:28.0.0] AndroidManifest.xml:20:5-44
MERGED from [android.arch.lifecycle:viewmodel:1.1.1] AndroidManifest.xml:20:5-44
MERGED from [android.arch.lifecycle:viewmodel:1.1.1] AndroidManifest.xml:20:5-44
MERGED from [android.arch.lifecycle:livedata:1.1.1] AndroidManifest.xml:20:5-44
MERGED from [android.arch.lifecycle:livedata:1.1.1] AndroidManifest.xml:20:5-44
MERGED from [android.arch.lifecycle:livedata-core:1.1.1] AndroidManifest.xml:20:5-44
MERGED from [android.arch.lifecycle:livedata-core:1.1.1] AndroidManifest.xml:20:5-44
MERGED from [android.arch.core:runtime:1.1.1] AndroidManifest.xml:20:5-44
MERGED from [android.arch.core:runtime:1.1.1] AndroidManifest.xml:20:5-44
MERGED from [com.android.support:interpolator:28.0.0] AndroidManifest.xml:20:5-44
MERGED from [com.android.support:interpolator:28.0.0] AndroidManifest.xml:20:5-44
MERGED from [pl.droidsonroids:relinker:1.3.1] AndroidManifest.xml:5:5-43
MERGED from [pl.droidsonroids:relinker:1.3.1] AndroidManifest.xml:5:5-43
MERGED from [com.pnikosis:materialish-progress:1.7] AndroidManifest.xml:7:5-9:41
MERGED from [com.pnikosis:materialish-progress:1.7] AndroidManifest.xml:7:5-9:41
INJECTED from src\main\AndroidManifest.xml
INJECTED from src\main\AndroidManifest.xml
	android:targetSdkVersion
		INJECTED from src\main\AndroidManifest.xml
		ADDED from src\main\AndroidManifest.xml
		INJECTED from src\main\AndroidManifest.xml
	android:minSdkVersion
		INJECTED from src\main\AndroidManifest.xml
		ADDED from src\main\AndroidManifest.xml
		INJECTED from src\main\AndroidManifest.xml
uses-feature#android.hardware.camera.front
ADDED from [com.journeyapps:zxing-android-embedded:3.2.0] AndroidManifest.xml:27:5-29:36
	android:required
		ADDED from [com.journeyapps:zxing-android-embedded:3.2.0] AndroidManifest.xml:29:9-33
	android:name
		ADDED from [com.journeyapps:zxing-android-embedded:3.2.0] AndroidManifest.xml:28:9-53
uses-feature#android.hardware.camera.flash
ADDED from [com.journeyapps:zxing-android-embedded:3.2.0] AndroidManifest.xml:35:5-37:36
	android:required
		ADDED from [com.journeyapps:zxing-android-embedded:3.2.0] AndroidManifest.xml:37:9-33
	android:name
		ADDED from [com.journeyapps:zxing-android-embedded:3.2.0] AndroidManifest.xml:36:9-53
uses-feature#android.hardware.screen.landscape
ADDED from [com.journeyapps:zxing-android-embedded:3.2.0] AndroidManifest.xml:38:5-40:36
	android:required
		ADDED from [com.journeyapps:zxing-android-embedded:3.2.0] AndroidManifest.xml:40:9-33
	android:name
		ADDED from [com.journeyapps:zxing-android-embedded:3.2.0] AndroidManifest.xml:39:9-57
uses-feature#android.hardware.wifi
ADDED from [com.journeyapps:zxing-android-embedded:3.2.0] AndroidManifest.xml:41:5-43:36
	android:required
		ADDED from [com.journeyapps:zxing-android-embedded:3.2.0] AndroidManifest.xml:43:9-33
	android:name
		ADDED from [com.journeyapps:zxing-android-embedded:3.2.0] AndroidManifest.xml:42:9-45
activity#com.journeyapps.barcodescanner.CaptureActivity
ADDED from [com.journeyapps:zxing-android-embedded:3.2.0] AndroidManifest.xml:46:9-52:63
	android:screenOrientation
		ADDED from [com.journeyapps:zxing-android-embedded:3.2.0] AndroidManifest.xml:49:13-56
	android:clearTaskOnLaunch
		ADDED from [com.journeyapps:zxing-android-embedded:3.2.0] AndroidManifest.xml:48:13-45
	android:stateNotNeeded
		ADDED from [com.journeyapps:zxing-android-embedded:3.2.0] AndroidManifest.xml:50:13-42
	android:windowSoftInputMode
		ADDED from [com.journeyapps:zxing-android-embedded:3.2.0] AndroidManifest.xml:52:13-60
	android:theme
		ADDED from [com.journeyapps:zxing-android-embedded:3.2.0] AndroidManifest.xml:51:13-54
	android:name
		ADDED from [com.journeyapps:zxing-android-embedded:3.2.0] AndroidManifest.xml:47:13-74